# JRE version: OpenJDK Runtime Environment (8.0_202-b03) (build 1.8.0_202-release-1483-b03)
# Java VM: OpenJDK 64-Bit Server VM (25.202-b03 mixed mode windows-amd64 compressed oops)
Heap:
 PSYoungGen      total 235520K, used 63951K [0x00000000e0000000, 0x00000000f5180000, 0x0000000100000000)
  eden space 217600K, 21% used [0x00000000e0000000,0x00000000e2dfd9c8,0x00000000ed480000)
  from space 17920K, 94% used [0x00000000efd00000,0x00000000f0d76428,0x00000000f0e80000)
  to   space 41472K, 0% used [0x00000000ed480000,0x00000000ed480000,0x00000000efd00000)
 ParOldGen       total 199168K, used 95019K [0x00000000a0000000, 0x00000000ac280000, 0x00000000e0000000)
  object space 199168K, 47% used [0x00000000a0000000,0x00000000a5ccacd0,0x00000000ac280000)
 Metaspace       used 76419K, capacity 79404K, committed 80344K, reserved 1118208K
  class space    used 10458K, capacity 11084K, committed 11264K, reserved 1048576K
GC Heap History (10 events):
Event: 49.734 GC heap before
{Heap before GC invocations=16 (full 3):
 PSYoungGen      total 153600K, used 4990K [0x00000000e0000000, 0x00000000eda80000, 0x0000000100000000)
  eden space 138752K, 0% used [0x00000000e0000000,0x00000000e0000000,0x00000000e8780000)
  from space 14848K, 33% used [0x00000000e8780000,0x00000000e8c5f9d0,0x00000000e9600000)
  to   space 14336K, 0% used [0x00000000ecc80000,0x00000000ecc80000,0x00000000eda80000)
 ParOldGen       total 68096K, used 32533K [0x00000000a0000000, 0x00000000a4280000, 0x00000000e0000000)
  object space 68096K, 47% used [0x00000000a0000000,0x00000000a1fc5630,0x00000000a4280000)
 Metaspace       used 57369K, capacity 59018K, committed 59096K, reserved 1099776K
  class space    used 7771K, capacity 8192K, committed 8192K, reserved 1048576K
Event: 50.057 GC heap after
Heap after GC invocations=16 (full 3):
 PSYoungGen      total 153600K, used 0K [0x00000000e0000000, 0x00000000eda80000, 0x0000000100000000)
  eden space 138752K, 0% used [0x00000000e0000000,0x00000000e0000000,0x00000000e8780000)
  from space 14848K, 0% used [0x00000000e8780000,0x00000000e8780000,0x00000000e9600000)
  to   space 14336K, 0% used [0x00000000ecc80000,0x00000000ecc80000,0x00000000eda80000)
 ParOldGen       total 96256K, used 31396K [0x00000000a0000000, 0x00000000a5e00000, 0x00000000e0000000)
  object space 96256K, 32% used [0x00000000a0000000,0x00000000a1ea91e0,0x00000000a5e00000)
 Metaspace       used 57369K, capacity 59018K, committed 59096K, reserved 1099776K
  class space    used 7771K, capacity 8192K, committed 8192K, reserved 1048576K
}
Event: 56.163 GC heap before
{Heap before GC invocations=17 (full 3):
 PSYoungGen      total 153600K, used 138752K [0x00000000e0000000, 0x00000000eda80000, 0x0000000100000000)
  eden space 138752K, 100% used [0x00000000e0000000,0x00000000e8780000,0x00000000e8780000)
  from space 14848K, 0% used [0x00000000e8780000,0x00000000e8780000,0x00000000e9600000)
  to   space 14336K, 0% used [0x00000000ecc80000,0x00000000ecc80000,0x00000000eda80000)
 ParOldGen       total 96256K, used 31396K [0x00000000a0000000, 0x00000000a5e00000, 0x00000000e0000000)
  object space 96256K, 32% used [0x00000000a0000000,0x00000000a1ea91e0,0x00000000a5e00000)
 Metaspace       used 62437K, capacity 64780K, committed 65112K, reserved 1105920K
  class space    used 8459K, capacity 8969K, committed 9088K, reserved 1048576K
Event: 56.178 GC heap after
Heap after GC invocations=17 (full 3):
 PSYoungGen      total 198144K, used 12758K [0x00000000e0000000, 0x00000000ed900000, 0x0000000100000000)
  eden space 185344K, 0% used [0x00000000e0000000,0x00000000e0000000,0x00000000eb500000)
  from space 12800K, 99% used [0x00000000ecc80000,0x00000000ed8f5b30,0x00000000ed900000)
  to   space 15872K, 0% used [0x00000000eba00000,0x00000000eba00000,0x00000000ec980000)
 ParOldGen       total 96256K, used 31404K [0x00000000a0000000, 0x00000000a5e00000, 0x00000000e0000000)
  object space 96256K, 32% used [0x00000000a0000000,0x00000000a1eab1e0,0x00000000a5e00000)
 Metaspace       used 62437K, capacity 64780K, committed 65112K, reserved 1105920K
  class space    used 8459K, capacity 8969K, committed 9088K, reserved 1048576K
}
Event: 71.878 GC heap before
{Heap before GC invocations=18 (full 3):
 PSYoungGen      total 198144K, used 198102K [0x00000000e0000000, 0x00000000ed900000, 0x0000000100000000)
  eden space 185344K, 100% used [0x00000000e0000000,0x00000000eb500000,0x00000000eb500000)
  from space 12800K, 99% used [0x00000000ecc80000,0x00000000ed8f5b30,0x00000000ed900000)
  to   space 15872K, 0% used [0x00000000eba00000,0x00000000eba00000,0x00000000ec980000)
 ParOldGen       total 96256K, used 31404K [0x00000000a0000000, 0x00000000a5e00000, 0x00000000e0000000)
  object space 96256K, 32% used [0x00000000a0000000,0x00000000a1eab1e0,0x00000000a5e00000)
 Metaspace       used 71869K, capacity 74712K, committed 74968K, reserved 1114112K
  class space    used 9817K, capacity 10430K, committed 10496K, reserved 1048576K
Event: 71.903 GC heap after
Heap after GC invocations=18 (full 3):
 PSYoungGen      total 206336K, used 15224K [0x00000000e0000000, 0x00000000f0e80000, 0x0000000100000000)
  eden space 190464K, 0% used [0x00000000e0000000,0x00000000e0000000,0x00000000eba00000)
  from space 15872K, 95% used [0x00000000eba00000,0x00000000ec8de268,0x00000000ec980000)
  to   space 17920K, 0% used [0x00000000efd00000,0x00000000efd00000,0x00000000f0e80000)
 ParOldGen       total 96256K, used 40270K [0x00000000a0000000, 0x00000000a5e00000, 0x00000000e0000000)
  object space 96256K, 41% used [0x00000000a0000000,0x00000000a2753b58,0x00000000a5e00000)
 Metaspace       used 71869K, capacity 74712K, committed 74968K, reserved 1114112K
  class space    used 9817K, capacity 10430K, committed 10496K, reserved 1048576K
}
Event: 74.220 GC heap before
{Heap before GC invocations=19 (full 3):
 PSYoungGen      total 206336K, used 205688K [0x00000000e0000000, 0x00000000f0e80000, 0x0000000100000000)
  eden space 190464K, 100% used [0x00000000e0000000,0x00000000eba00000,0x00000000eba00000)
  from space 15872K, 95% used [0x00000000eba00000,0x00000000ec8de268,0x00000000ec980000)
  to   space 17920K, 0% used [0x00000000efd00000,0x00000000efd00000,0x00000000f0e80000)
 ParOldGen       total 96256K, used 40270K [0x00000000a0000000, 0x00000000a5e00000, 0x00000000e0000000)
  object space 96256K, 41% used [0x00000000a0000000,0x00000000a2753b58,0x00000000a5e00000)
 Metaspace       used 76655K, capacity 80114K, committed 80344K, reserved 1118208K
  class space    used 10542K, capacity 11237K, committed 11264K, reserved 1048576K
Event: 74.311 GC heap after
Heap after GC invocations=19 (full 3):
 PSYoungGen      total 235520K, used 17914K [0x00000000e0000000, 0x00000000f5180000, 0x0000000100000000)
  eden space 217600K, 0% used [0x00000000e0000000,0x00000000e0000000,0x00000000ed480000)
  from space 17920K, 99% used [0x00000000efd00000,0x00000000f0e7e9e8,0x00000000f0e80000)
  to   space 41472K, 0% used [0x00000000ed480000,0x00000000ed480000,0x00000000efd00000)
 ParOldGen       total 98304K, used 98109K [0x00000000a0000000, 0x00000000a6000000, 0x00000000e0000000)
  object space 98304K, 99% used [0x00000000a0000000,0x00000000a5fcf490,0x00000000a6000000)
 Metaspace       used 76655K, capacity 80114K, committed 80344K, reserved 1118208K
  class space    used 10542K, capacity 11237K, committed 11264K, reserved 1048576K
}
Event: 74.311 GC heap before
{Heap before GC invocations=20 (full 4):
 PSYoungGen      total 235520K, used 17914K [0x00000000e0000000, 0x00000000f5180000, 0x0000000100000000)
  eden space 217600K, 0% used [0x00000000e0000000,0x00000000e0000000,0x00000000ed480000)
  from space 17920K, 99% used [0x00000000efd00000,0x00000000f0e7e9e8,0x00000000f0e80000)
  to   space 41472K, 0% used [0x00000000ed480000,0x00000000ed480000,0x00000000efd00000)
 ParOldGen       total 98304K, used 98109K [0x00000000a0000000, 0x00000000a6000000, 0x00000000e0000000)
  object space 98304K, 99% used [0x00000000a0000000,0x00000000a5fcf490,0x00000000a6000000)
 Metaspace       used 76655K, capacity 80114K, committed 80344K, reserved 1118208K
  class space    used 10542K, capacity 11237K, committed 11264K, reserved 1048576K
Event: 75.187 GC heap after
Heap after GC invocations=20 (full 4):
 PSYoungGen      total 235520K, used 16857K [0x00000000e0000000, 0x00000000f5180000, 0x0000000100000000)
  eden space 217600K, 0% used [0x00000000e0000000,0x00000000e0000000,0x00000000ed480000)
  from space 17920K, 94% used [0x00000000efd00000,0x00000000f0d76428,0x00000000f0e80000)
  to   space 41472K, 0% used [0x00000000ed480000,0x00000000ed480000,0x00000000efd00000)
 ParOldGen       total 199168K, used 95019K [0x00000000a0000000, 0x00000000ac280000, 0x00000000e0000000)
  object space 199168K, 47% used [0x00000000a0000000,0x00000000a5ccacd0,0x00000000ac280000)
 Metaspace       used 76385K, capacity 79334K, committed 80344K, reserved 1118208K
  class space    used 10456K, capacity 11083K, committed 11264K, reserved 1048576K
}

